open source     > level 1, order 1, name '/opt/context-minimals/texmf-context/tex/context/base/mkiv/cont-yes.mkiv'
system          > 
system          > ConTeXt  ver: 2019.03.05 15:40 MKIV beta  fmt: 2019.3.18  int: english/english
system          > 
system          > 'cont-new.mkiv' loaded
open source     > level 2, order 2, name '/opt/context-minimals/texmf-context/tex/context/base/mkiv/cont-new.mkiv'
system          > beware: some patches loaded from cont-new.mkiv
close source    > level 2, order 2, name '/opt/context-minimals/texmf-context/tex/context/base/mkiv/cont-new.mkiv'
system          > files > jobname '201904', input './201904', result '201904'
fonts           > latin modern fonts are not preloaded
languages       > language 'en' is active
open source     > level 2, order 3, name '/home/adam/Documents/mateksuli/beadando/201904.tex'
fonts           > preloading latin modern fonts (third stage)
fonts           > 'fallback modern-designsize rm 12pt' is loaded
warning         > \count \622>quote is already defined (\relax it first)
structures      > begin of sectionblock 'bodypart'
structure       > sectioning > cim @ level 2 : 0.1 -> Beadandó dolgozat
structure       > sectioning > subject @ level 3 : 0.1.0 -> Összeadás és kivonás

Underfull \hbox (badness 10000) in paragraph at lines 127--128
 [][] <10: lmmono12-regular @ 12.0pt> 2435

\hbox(10.85522+3.61842)x420.02223, glue set 16.30858, direction TLT
.\glue(\leftskip) 0.0 plus 24.0
.\localpar
..\localinterlinepenalty=0
..\localbrokenpenalty=0
..\localleftbox=null
..\localrightbox=null
.\begindir TLT
.\hbox(0.0+0.0)x0.0, direction TLT
.\boundary=1
.etc.


Underfull \hbox (badness 10000) in paragraph at lines 129--129
 []<10: lmmono12-regular @ 12.0pt> 247

\hbox(7.50787+0.14392)x420.02223, glue set 16.72885, direction TLT
.\glue(\leftskip) 0.0 plus 24.0
.\localpar
..\localinterlinepenalty=0
..\localbrokenpenalty=0
..\localleftbox=null
..\localrightbox=null
.\begindir TLT
.\hbox(0.0+0.0)x0.0, direction TLT
.<10: lmmono12-regular @ 12.0pt> 2
.etc.


Underfull \hbox (badness 10000) in paragraph at lines 130--130
 []<10: lmmono12-regular @ 12.0pt> +1413

\hbox(7.49588+0.14392)x420.02223, glue set 16.21414, direction TLT
.\glue(\leftskip) 0.0 plus 24.0
.\localpar
..\localinterlinepenalty=0
..\localbrokenpenalty=0
..\localleftbox=null
..\localrightbox=null
.\begindir TLT
.\hbox(0.0+0.0)x0.0, direction TLT
.<10: lmmono12-regular @ 12.0pt> +
.etc.


Underfull \hbox (badness 10000) in paragraph at lines 131--131
 []<10: lmmono12-regular @ 12.0pt> 4095

\hbox(7.49588+0.14392)x420.02223, glue set 16.472, direction TLT
.\glue(\leftskip) 0.0 plus 24.0
.\localpar
..\localinterlinepenalty=0
..\localbrokenpenalty=0
..\localleftbox=null
..\localrightbox=null
.\begindir TLT
.\hbox(0.0+0.0)x0.0, direction TLT
.<10: lmmono12-regular @ 12.0pt> 4
.etc.

layouts         > gridmode, noflines: 46, textheight: 660.10394pt, textovershoot: 5.68387pt (maybe set number of lines instead)
backend         > xmp > using file '/opt/context-minimals/texmf-context/tex/context/base/mkiv/lpdf-pdx.xml'
pages           > flushing realpage 1, userpage 1, subpage 1
setup           > error in line 143, namespace 'structure', key 'prímtényezőkre bontás'
structure       > sectioning > subject @ level 3 : 0.1.0 -> Prímszámok
structures      > end of sectionblock 'bodypart'
pages           > flushing realpage 2, userpage 2, subpage 2
close source    > level 2, order 3, name '/home/adam/Documents/mateksuli/beadando/201904.tex'
close source    > level 1, order 3, name '/opt/context-minimals/texmf-context/tex/context/base/mkiv/cont-yes.mkiv'

system          > start used files

system          > text: 201904
system          >   project: iras
system          >     product: iras

system          > stop used files


system          > start used files

system          >    1: filename=char-prv.lua filetype=tex format=tex foundname=/opt/context-minimals/texmf-context/tex/context/base/mkiv/char-prv.lua fullname=/opt/context-minimals/texmf-context/tex/context/base/mkiv/char-prv.lua usedmethod=database
system          >    2: filename=cont-yes.mkiv filetype=tex foundname=/opt/context-minimals/texmf-context/tex/context/base/mkiv/cont-yes.mkiv fullname=/opt/context-minimals/texmf-context/tex/context/base/mkiv/cont-yes.mkiv usedmethod=database
system          >    3: filename=publ-imp-default.lua filetype=lua foundname=/opt/context-minimals/texmf-context/tex/context/base/mkiv/publ-imp-default.lua fullname=/opt/context-minimals/texmf-context/tex/context/base/mkiv/publ-imp-default.lua usedmethod=database
system          >    4: filename=cont-new.mkiv filetype=tex foundname=/opt/context-minimals/texmf-context/tex/context/base/mkiv/cont-new.mkiv fullname=/opt/context-minimals/texmf-context/tex/context/base/mkiv/cont-new.mkiv usedmethod=database
system          >    5: filename=lang-exc.lua filetype=lua foundname=/opt/context-minimals/texmf-context/tex/context/base/mkiv/lang-exc.lua fullname=/opt/context-minimals/texmf-context/tex/context/base/mkiv/lang-exc.lua usedmethod=database
system          >    6: filename=lang-us.lua filetype=lua foundname=/opt/context-minimals/texmf-context/tex/context/patterns/mkiv/lang-us.lua fullname=/opt/context-minimals/texmf-context/tex/context/patterns/mkiv/lang-us.lua usedmethod=database
system          >    7: filename=/home/adam/Documents/mateksuli/beadando/201904.tex foundname=/home/adam/Documents/mateksuli/beadando/201904.tex fullname=/home/adam/Documents/mateksuli/beadando/201904.tex usedmethod=direct
system          >    8: filename=lang-hu.lua filetype=lua foundname=/opt/context-minimals/texmf-context/tex/context/patterns/mkiv/lang-hu.lua fullname=/opt/context-minimals/texmf-context/tex/context/patterns/mkiv/lang-hu.lua usedmethod=database
system          >    9: filename=lm.lfg filetype=tex foundname=/opt/context-minimals/texmf-context/tex/context/fonts/mkiv/lm.lfg fullname=/opt/context-minimals/texmf-context/tex/context/fonts/mkiv/lm.lfg usedmethod=database
system          >   10: filename=lmroman12-regular filetype=otf format=otf foundname=/opt/context-minimals/texmf/fonts/opentype/public/lm/lmroman12-regular.otf fullname=/opt/context-minimals/texmf/fonts/opentype/public/lm/lmroman12-regular.otf usedmethod=database
system          >   11: filename=latinmodern-math.otf filetype=opentypefonts foundname=/opt/context-minimals/texmf/fonts/opentype/public/lm-math/latinmodern-math.otf fullname=/opt/context-minimals/texmf/fonts/opentype/public/lm-math/latinmodern-math.otf usedmethod=database
system          >   12: filename=lmroman10-regular filetype=otf format=otf foundname=/opt/context-minimals/texmf/fonts/opentype/public/lm/lmroman10-regular.otf fullname=/opt/context-minimals/texmf/fonts/opentype/public/lm/lmroman10-regular.otf usedmethod=database
system          >   13: filename=lmmono12-regular filetype=otf format=otf foundname=/opt/context-minimals/texmf/fonts/opentype/public/lm/lmmono12-regular.otf fullname=/opt/context-minimals/texmf/fonts/opentype/public/lm/lmmono12-regular.otf usedmethod=database
system          >   14: filename=pdftex.map filetype=map format=map foundname=/opt/context-minimals/texmf/fonts/map/pdftex/plain/pdftex.map fullname=/opt/context-minimals/texmf/fonts/map/pdftex/plain/pdftex.map usedmethod=database
system          >   15: filename=lpdf-pdx.xml filetype=tex foundname=/opt/context-minimals/texmf-context/tex/context/base/mkiv/lpdf-pdx.xml fullname=/opt/context-minimals/texmf-context/tex/context/base/mkiv/lpdf-pdx.xml usedmethod=database

system          > stop used files


system          > start commandline options

system          > currentrun="1"
system          > fulljobname="./201904.tex"
system          > input="./201904.tex"
system          > kindofrun="1"
system          > maxnofruns="9"
system          > texmfbinpath="/opt/context-minimals/texmf-linux-64/bin"

system          > stop commandline options


system          > start commandline files

system          >    1: ./201904.tex

system          > stop commandline files


modules         > start used modules


modules         > stop used modules


mkiv lua stats  > used config file: selfautoparent:/texmf/web2c/texmfcnf.lua
mkiv lua stats  > used cache path: /home/adam/texmf-cache/luatex-cache/context/5fe67e0bfe781ce0dde776fb1556f32e
mkiv lua stats  > resource resolver: loadtime 0.006 seconds, 0 scans with scantime 0.000 seconds, 0 shared scans, 15 found files, scanned paths: <none>
mkiv lua stats  > stored bytecode data: 443 modules (0.212 sec), 93 tables (0.015 sec), 536 chunks (0.227 sec)
mkiv lua stats  > traced context: maxstack: 1369, freed: 0, unreachable: 1369
mkiv lua stats  > cleaned up reserved nodes: 53 nodes, 9 lists of 440
mkiv lua stats  > node memory usage: 2 glue, 3 kern, 3 penalty, 30 attribute, 50 glue_spec, 6 attribute_list, 2 temp, 2 user_defined
mkiv lua stats  > node list callback tasks: 8 unique task lists, 10 instances (re)created, 207 calls
mkiv lua stats  > used backend: pdf (backend for directly generating pdf output)
mkiv lua stats  > jobdata time: 0.001 seconds saving, 0.001 seconds loading
mkiv lua stats  > callbacks: internal: 474, file: 288, direct: 2, late: 3, function 611, total: 1378 (1378 per page)
mkiv lua stats  > randomizer: resumed with value 0.25262282369658
mkiv lua stats  > result saved in file: 201904.pdf, compresslevel 3, objectcompresslevel 1
mkiv lua stats  > loaded patterns: en::1 hu::24, load time: 0.000
mkiv lua stats  > loaded fonts: 4 files: latinmodern-math.otf, lmmono12-regular.otf, lmroman10-regular.otf, lmroman12-regular.otf
mkiv lua stats  > font engine: otf 3.107, afm 1.513, tfm 1.000, 10 instances, 4 shared in backend, 3 common vectors, 1 common hashes, load time 0.234 seconds 
mkiv lua stats  > used platform: linux-64, type: unix, binary subtree: texmf-linux-64
mkiv lua stats  > used engine: luatex version 1.092 with functionality level 7075, banner: this is luatex, version 1.09.2 (tex live 2019/dev)
mkiv lua stats  > control sequences: 45300 of 65536 + 100000
mkiv lua stats  > lua properties: engine: lua 5.3, used memory: 95 MB (ctx: 95 MB), hash chars: min(64,40), symbol mask: utf (τεχ)
mkiv lua stats  > runtime: 0.860 seconds, 2 processed pages, 2 shipped pages, 2.326 pages/second

